2024-02-10 18:13:49,476 ERROR [JavaFX Application Thread] j.p.t.TransactionSearchController [TransactionSearchController.java:122] Invalid long format 
2024-02-10 18:13:49,479 ERROR [JavaFX Application Thread] j.p.t.TransactionSearchController [TransactionSearchController.java:131] Invalid BigDecimal format 
2024-02-10 18:13:49,479 ERROR [JavaFX Application Thread] j.p.t.TransactionSearchController [TransactionSearchController.java:131] Invalid BigDecimal format 
2024-02-10 18:13:49,535 INFO [JavaFX Application Thread] a.p.u.DatabaseUtils [DatabaseUtils.java:213] prep0: SELECT * FROM TRANSACTION WHERE 1=1
2024-02-10 18:13:49,537 INFO [JavaFX Application Thread] a.p.u.DatabaseUtils [DatabaseUtils.java:228] rs0: columns: 6 rows: 12 pos: -1
2024-02-10 18:13:49,540 INFO [JavaFX Application Thread] a.p.u.DatabaseUtils [DatabaseUtils.java:230] [Entity{id=1, name='Projektni honorar'}, Entity{id=2, name='Konsultantske usluge'}, Entity{id=3, name='Prodaja nacrta'}, Entity{id=4, name='Subvencija'}, Entity{id=5, name='Donacija'}, Entity{id=6, name='Najam ureda'}, Entity{id=7, name='Režije'}, Entity{id=8, name='Nabava materijala'}, Entity{id=9, name='Softverske licence'}, Entity{id=10, name='Poslovni ručak'}, Entity{id=11, name='Plaća za Ivana Horvat'}, Entity{id=12, name='Plaća za Marko Novak'}]
2024-02-10 18:14:06,820 ERROR [JavaFX Application Thread] j.p.t.TransactionSearchController [TransactionSearchController.java:131] Invalid BigDecimal format 
2024-02-10 18:14:06,820 ERROR [JavaFX Application Thread] j.p.t.TransactionSearchController [TransactionSearchController.java:131] Invalid BigDecimal format 
2024-02-10 18:14:06,823 INFO [JavaFX Application Thread] a.p.u.DatabaseUtils [DatabaseUtils.java:213] prep1: SELECT * FROM TRANSACTION WHERE 1=1 AND ID = ?
2024-02-10 18:14:06,823 INFO [JavaFX Application Thread] a.p.u.DatabaseUtils [DatabaseUtils.java:228] rs1: columns: 6 rows: 1 pos: -1
2024-02-10 18:14:06,824 INFO [JavaFX Application Thread] a.p.u.DatabaseUtils [DatabaseUtils.java:230] [Entity{id=5, name='Donacija'}]
2024-02-10 18:14:10,312 ERROR [JavaFX Application Thread] j.p.t.TransactionSearchController [TransactionSearchController.java:122] Invalid long format 
2024-02-10 18:14:10,312 ERROR [JavaFX Application Thread] j.p.t.TransactionSearchController [TransactionSearchController.java:131] Invalid BigDecimal format 
2024-02-10 18:14:10,312 ERROR [JavaFX Application Thread] j.p.t.TransactionSearchController [TransactionSearchController.java:131] Invalid BigDecimal format 
2024-02-10 18:14:10,316 INFO [JavaFX Application Thread] a.p.u.DatabaseUtils [DatabaseUtils.java:213] prep2: SELECT * FROM TRANSACTION WHERE 1=1
2024-02-10 18:14:10,316 INFO [JavaFX Application Thread] a.p.u.DatabaseUtils [DatabaseUtils.java:228] rs2: columns: 6 rows: 12 pos: -1
2024-02-10 18:14:10,317 INFO [JavaFX Application Thread] a.p.u.DatabaseUtils [DatabaseUtils.java:230] [Entity{id=1, name='Projektni honorar'}, Entity{id=2, name='Konsultantske usluge'}, Entity{id=3, name='Prodaja nacrta'}, Entity{id=4, name='Subvencija'}, Entity{id=5, name='Donacija'}, Entity{id=6, name='Najam ureda'}, Entity{id=7, name='Režije'}, Entity{id=8, name='Nabava materijala'}, Entity{id=9, name='Softverske licence'}, Entity{id=10, name='Poslovni ručak'}, Entity{id=11, name='Plaća za Ivana Horvat'}, Entity{id=12, name='Plaća za Marko Novak'}]
2024-02-10 18:14:13,894 ERROR [JavaFX Application Thread] j.p.t.TransactionSearchController [TransactionSearchController.java:122] Invalid long format 
2024-02-10 18:14:13,894 ERROR [JavaFX Application Thread] j.p.t.TransactionSearchController [TransactionSearchController.java:131] Invalid BigDecimal format 
2024-02-10 18:14:13,894 ERROR [JavaFX Application Thread] j.p.t.TransactionSearchController [TransactionSearchController.java:131] Invalid BigDecimal format 
2024-02-10 18:14:13,897 INFO [JavaFX Application Thread] a.p.u.DatabaseUtils [DatabaseUtils.java:213] prep3: SELECT * FROM TRANSACTION WHERE 1=1 AND TRANSACTION_TYPE_ID = ?
2024-02-10 18:14:13,897 INFO [JavaFX Application Thread] a.p.u.DatabaseUtils [DatabaseUtils.java:228] rs3: columns: 6 rows: 7 pos: -1
2024-02-10 18:14:13,898 INFO [JavaFX Application Thread] a.p.u.DatabaseUtils [DatabaseUtils.java:230] [Entity{id=6, name='Najam ureda'}, Entity{id=7, name='Režije'}, Entity{id=8, name='Nabava materijala'}, Entity{id=9, name='Softverske licence'}, Entity{id=10, name='Poslovni ručak'}, Entity{id=11, name='Plaća za Ivana Horvat'}, Entity{id=12, name='Plaća za Marko Novak'}]
2024-02-10 18:14:26,699 ERROR [JavaFX Application Thread] j.p.t.TransactionSearchController [TransactionSearchController.java:122] Invalid long format 
2024-02-10 18:14:26,699 ERROR [JavaFX Application Thread] j.p.t.TransactionSearchController [TransactionSearchController.java:131] Invalid BigDecimal format 
2024-02-10 18:14:26,699 ERROR [JavaFX Application Thread] j.p.t.TransactionSearchController [TransactionSearchController.java:131] Invalid BigDecimal format 
2024-02-10 18:14:26,702 INFO [JavaFX Application Thread] a.p.u.DatabaseUtils [DatabaseUtils.java:213] prep4: SELECT * FROM TRANSACTION WHERE 1=1 AND TRANSACTION_TYPE_ID = ? AND DATE = ?
2024-02-10 18:14:26,703 INFO [JavaFX Application Thread] a.p.u.DatabaseUtils [DatabaseUtils.java:228] rs4: columns: 6 rows: 2 pos: -1
2024-02-10 18:14:26,703 INFO [JavaFX Application Thread] a.p.u.DatabaseUtils [DatabaseUtils.java:230] [Entity{id=11, name='Plaća za Ivana Horvat'}, Entity{id=12, name='Plaća za Marko Novak'}]
2024-02-10 18:14:47,034 ERROR [JavaFX Application Thread] j.p.t.TransactionSearchController [TransactionSearchController.java:122] Invalid long format 
2024-02-10 18:14:47,034 ERROR [JavaFX Application Thread] j.p.t.TransactionSearchController [TransactionSearchController.java:131] Invalid BigDecimal format 
2024-02-10 18:14:47,037 INFO [JavaFX Application Thread] a.p.u.DatabaseUtils [DatabaseUtils.java:213] prep5: SELECT * FROM TRANSACTION WHERE 1=1 AND TRANSACTION_TYPE_ID = ? AND DATE = ? AND AMOUNT >= ?
2024-02-10 18:14:47,038 INFO [JavaFX Application Thread] a.p.u.DatabaseUtils [DatabaseUtils.java:228] rs5: columns: 6 rows: 1 pos: -1
2024-02-10 18:14:47,038 INFO [JavaFX Application Thread] a.p.u.DatabaseUtils [DatabaseUtils.java:230] [Entity{id=12, name='Plaća za Marko Novak'}]
2024-02-10 18:14:51,603 ERROR [JavaFX Application Thread] j.p.t.TransactionSearchController [TransactionSearchController.java:122] Invalid long format 
2024-02-10 18:15:00,133 ERROR [JavaFX Application Thread] j.p.t.TransactionSearchController [TransactionSearchController.java:122] Invalid long format 
2024-02-10 18:15:00,133 ERROR [JavaFX Application Thread] j.p.t.TransactionSearchController [TransactionSearchController.java:131] Invalid BigDecimal format 
2024-02-10 18:15:00,133 ERROR [JavaFX Application Thread] j.p.t.TransactionSearchController [TransactionSearchController.java:131] Invalid BigDecimal format 
2024-02-10 18:15:00,137 INFO [JavaFX Application Thread] a.p.u.DatabaseUtils [DatabaseUtils.java:213] prep6: SELECT * FROM TRANSACTION WHERE 1=1 AND TRANSACTION_TYPE_ID = ? AND DATE = ?
2024-02-10 18:15:00,137 INFO [JavaFX Application Thread] a.p.u.DatabaseUtils [DatabaseUtils.java:228] rs6: columns: 6 rows: 2 pos: -1
2024-02-10 18:15:00,137 INFO [JavaFX Application Thread] a.p.u.DatabaseUtils [DatabaseUtils.java:230] [Entity{id=11, name='Plaća za Ivana Horvat'}, Entity{id=12, name='Plaća za Marko Novak'}]
2024-02-10 18:15:01,993 ERROR [JavaFX Application Thread] j.p.t.TransactionSearchController [TransactionSearchController.java:122] Invalid long format 
2024-02-10 18:15:01,993 ERROR [JavaFX Application Thread] j.p.t.TransactionSearchController [TransactionSearchController.java:131] Invalid BigDecimal format 
2024-02-10 18:15:01,993 ERROR [JavaFX Application Thread] j.p.t.TransactionSearchController [TransactionSearchController.java:131] Invalid BigDecimal format 
2024-02-10 18:15:01,996 INFO [JavaFX Application Thread] a.p.u.DatabaseUtils [DatabaseUtils.java:213] prep7: SELECT * FROM TRANSACTION WHERE 1=1 AND TRANSACTION_TYPE_ID = ? AND DATE = ?
2024-02-10 18:15:01,997 INFO [JavaFX Application Thread] a.p.u.DatabaseUtils [DatabaseUtils.java:228] rs7: columns: 6 rows: 1 pos: -1
2024-02-10 18:15:01,997 INFO [JavaFX Application Thread] a.p.u.DatabaseUtils [DatabaseUtils.java:230] [Entity{id=5, name='Donacija'}]
